# JRE version: OpenJDK Runtime Environment (11.0.10) (build 11.0.10+0-b96-7249189)
# Java VM: OpenJDK 64-Bit Server VM (11.0.10+0-b96-7249189, mixed mode, tiered, compressed oops, g1 gc, windows-amd64)
Heap:
 garbage-first heap   total 210944K, used 89329K [0x0000000080000000, 0x0000000100000000)
  region size 1024K, 2 young (2048K), 2 survivors (2048K)
 Metaspace       used 108113K, capacity 110816K, committed 110848K, reserved 1144832K
  class space    used 13585K, capacity 14590K, committed 14592K, reserved 1048576K
GC Heap History (20 events):
Event: 837.831 GC heap after
{Heap after GC invocations=53 (full 0):
 garbage-first heap   total 131072K, used 100963K [0x0000000080000000, 0x0000000100000000)
  region size 1024K, 3 young (3072K), 3 survivors (3072K)
 Metaspace       used 107871K, capacity 110629K, committed 110848K, reserved 1144832K
  class space    used 13576K, capacity 14573K, committed 14592K, reserved 1048576K
}
Event: 837.891 GC heap before
{Heap before GC invocations=53 (full 0):
 garbage-first heap   total 131072K, used 112227K [0x0000000080000000, 0x0000000100000000)
  region size 1024K, 14 young (14336K), 3 survivors (3072K)
 Metaspace       used 107875K, capacity 110629K, committed 110848K, reserved 1144832K
  class space    used 13576K, capacity 14573K, committed 14592K, reserved 1048576K
}
Event: 837.894 GC heap after
{Heap after GC invocations=54 (full 0):
 garbage-first heap   total 131072K, used 103696K [0x0000000080000000, 0x0000000100000000)
  region size 1024K, 2 young (2048K), 2 survivors (2048K)
 Metaspace       used 107875K, capacity 110629K, committed 110848K, reserved 1144832K
  class space    used 13576K, capacity 14573K, committed 14592K, reserved 1048576K
}
Event: 837.911 GC heap before
{Heap before GC invocations=54 (full 0):
 garbage-first heap   total 131072K, used 111888K [0x0000000080000000, 0x0000000100000000)
  region size 1024K, 10 young (10240K), 2 survivors (2048K)
 Metaspace       used 107879K, capacity 110630K, committed 110848K, reserved 1144832K
  class space    used 13576K, capacity 14573K, committed 14592K, reserved 1048576K
}
Event: 837.915 GC heap after
{Heap after GC invocations=55 (full 0):
 garbage-first heap   total 131072K, used 106285K [0x0000000080000000, 0x0000000100000000)
  region size 1024K, 2 young (2048K), 2 survivors (2048K)
 Metaspace       used 107879K, capacity 110630K, committed 110848K, reserved 1144832K
  class space    used 13576K, capacity 14573K, committed 14592K, reserved 1048576K
}
Event: 837.942 GC heap before
{Heap before GC invocations=55 (full 0):
 garbage-first heap   total 131072K, used 112429K [0x0000000080000000, 0x0000000100000000)
  region size 1024K, 8 young (8192K), 2 survivors (2048K)
 Metaspace       used 107890K, capacity 110631K, committed 110848K, reserved 1144832K
  class space    used 13576K, capacity 14573K, committed 14592K, reserved 1048576K
}
Event: 837.945 GC heap after
{Heap after GC invocations=56 (full 0):
 garbage-first heap   total 131072K, used 108240K [0x0000000080000000, 0x0000000100000000)
  region size 1024K, 1 young (1024K), 1 survivors (1024K)
 Metaspace       used 107890K, capacity 110631K, committed 110848K, reserved 1144832K
  class space    used 13576K, capacity 14573K, committed 14592K, reserved 1048576K
}
Event: 837.971 GC heap before
{Heap before GC invocations=56 (full 0):
 garbage-first heap   total 131072K, used 113360K [0x0000000080000000, 0x0000000100000000)
  region size 1024K, 6 young (6144K), 1 survivors (1024K)
 Metaspace       used 107911K, capacity 110633K, committed 110848K, reserved 1144832K
  class space    used 13576K, capacity 14573K, committed 14592K, reserved 1048576K
}
Event: 837.973 GC heap after
{Heap after GC invocations=57 (full 0):
 garbage-first heap   total 131072K, used 109399K [0x0000000080000000, 0x0000000100000000)
  region size 1024K, 1 young (1024K), 1 survivors (1024K)
 Metaspace       used 107911K, capacity 110633K, committed 110848K, reserved 1144832K
  class space    used 13576K, capacity 14573K, committed 14592K, reserved 1048576K
}
Event: 838.014 GC heap before
{Heap before GC invocations=58 (full 0):
 garbage-first heap   total 131072K, used 114519K [0x0000000080000000, 0x0000000100000000)
  region size 1024K, 6 young (6144K), 1 survivors (1024K)
 Metaspace       used 107949K, capacity 110698K, committed 110848K, reserved 1144832K
  class space    used 13576K, capacity 14573K, committed 14592K, reserved 1048576K
}
Event: 838.015 GC heap after
{Heap after GC invocations=59 (full 0):
 garbage-first heap   total 131072K, used 109786K [0x0000000080000000, 0x0000000100000000)
  region size 1024K, 1 young (1024K), 1 survivors (1024K)
 Metaspace       used 107949K, capacity 110698K, committed 110848K, reserved 1144832K
  class space    used 13576K, capacity 14573K, committed 14592K, reserved 1048576K
}
Event: 838.052 GC heap before
{Heap before GC invocations=59 (full 0):
 garbage-first heap   total 131072K, used 114906K [0x0000000080000000, 0x0000000100000000)
  region size 1024K, 6 young (6144K), 1 survivors (1024K)
 Metaspace       used 107984K, capacity 110698K, committed 110848K, reserved 1144832K
  class space    used 13576K, capacity 14573K, committed 14592K, reserved 1048576K
}
Event: 838.054 GC heap after
{Heap after GC invocations=60 (full 0):
 garbage-first heap   total 131072K, used 97123K [0x0000000080000000, 0x0000000100000000)
  region size 1024K, 1 young (1024K), 1 survivors (1024K)
 Metaspace       used 107984K, capacity 110698K, committed 110848K, reserved 1144832K
  class space    used 13576K, capacity 14573K, committed 14592K, reserved 1048576K
}
Event: 838.088 GC heap before
{Heap before GC invocations=60 (full 0):
 garbage-first heap   total 131072K, used 102243K [0x0000000080000000, 0x0000000100000000)
  region size 1024K, 6 young (6144K), 1 survivors (1024K)
 Metaspace       used 108003K, capacity 110698K, committed 110848K, reserved 1144832K
  class space    used 13576K, capacity 14573K, committed 14592K, reserved 1048576K
}
Event: 838.093 GC heap after
{Heap after GC invocations=61 (full 0):
 garbage-first heap   total 131072K, used 87721K [0x0000000080000000, 0x0000000100000000)
  region size 1024K, 1 young (1024K), 1 survivors (1024K)
 Metaspace       used 108003K, capacity 110698K, committed 110848K, reserved 1144832K
  class space    used 13576K, capacity 14573K, committed 14592K, reserved 1048576K
}
Event: 838.127 GC heap before
{Heap before GC invocations=61 (full 0):
 garbage-first heap   total 131072K, used 92841K [0x0000000080000000, 0x0000000100000000)
  region size 1024K, 6 young (6144K), 1 survivors (1024K)
 Metaspace       used 108009K, capacity 110762K, committed 110848K, reserved 1144832K
  class space    used 13576K, capacity 14573K, committed 14592K, reserved 1048576K
}
Event: 838.130 GC heap after
{Heap after GC invocations=62 (full 0):
 garbage-first heap   total 131072K, used 88059K [0x0000000080000000, 0x0000000100000000)
  region size 1024K, 1 young (1024K), 1 survivors (1024K)
 Metaspace       used 108009K, capacity 110762K, committed 110848K, reserved 1144832K
  class space    used 13576K, capacity 14573K, committed 14592K, reserved 1048576K
}
Event: 838.341 GC heap before
{Heap before GC invocations=62 (full 0):
 garbage-first heap   total 131072K, used 100347K [0x0000000080000000, 0x0000000100000000)
  region size 1024K, 14 young (14336K), 1 survivors (1024K)
 Metaspace       used 108091K, capacity 110789K, committed 110848K, reserved 1144832K
  class space    used 13580K, capacity 14581K, committed 14592K, reserved 1048576K
}
Event: 838.343 GC heap after
{Heap after GC invocations=63 (full 0):
 garbage-first heap   total 131072K, used 88947K [0x0000000080000000, 0x0000000100000000)
  region size 1024K, 2 young (2048K), 2 survivors (2048K)
 Metaspace       used 108091K, capacity 110789K, committed 110848K, reserved 1144832K
  class space    used 13580K, capacity 14581K, committed 14592K, reserved 1048576K
}
Event: 838.380 GC heap before
{Heap before GC invocations=63 (full 0):
 garbage-first heap   total 131072K, used 102259K [0x0000000080000000, 0x0000000100000000)
  region size 1024K, 16 young (16384K), 2 survivors (2048K)
 Metaspace       used 108113K, capacity 110816K, committed 110848K, reserved 1144832K
  class space    used 13585K, capacity 14590K, committed 14592K, reserved 1048576K
}

