# JRE version: OpenJDK Runtime Environment (11.0.10) (build 11.0.10+0-b96-7249189)
# Java VM: OpenJDK 64-Bit Server VM (11.0.10+0-b96-7249189, mixed mode, tiered, compressed oops, g1 gc, windows-amd64)
Heap:
 garbage-first heap   total 538624K, used 109360K [0x0000000080000000, 0x0000000100000000)
  region size 1024K, 19 young (19456K), 1 survivors (1024K)
 Metaspace       used 112750K, capacity 115981K, committed 116224K, reserved 1150976K
  class space    used 13846K, capacity 14981K, committed 15104K, reserved 1048576K
GC Heap History (20 events):
Event: 1863.820 GC heap before
{Heap before GC invocations=139 (full 0):
 garbage-first heap   total 335872K, used 150027K [0x0000000080000000, 0x0000000100000000)
  region size 1024K, 58 young (59392K), 1 survivors (1024K)
 Metaspace       used 112164K, capacity 115392K, committed 115712K, reserved 1150976K
  class space    used 13858K, capacity 15010K, committed 15104K, reserved 1048576K
}
Event: 1863.861 GC heap after
{Heap after GC invocations=140 (full 0):
 garbage-first heap   total 335872K, used 94391K [0x0000000080000000, 0x0000000100000000)
  region size 1024K, 2 young (2048K), 2 survivors (2048K)
 Metaspace       used 112164K, capacity 115392K, committed 115712K, reserved 1150976K
  class space    used 13858K, capacity 15010K, committed 15104K, reserved 1048576K
}
Event: 1968.659 GC heap before
{Heap before GC invocations=141 (full 0):
 garbage-first heap   total 335872K, used 212151K [0x0000000080000000, 0x0000000100000000)
  region size 1024K, 97 young (99328K), 2 survivors (2048K)
 Metaspace       used 112319K, capacity 115593K, committed 115712K, reserved 1150976K
  class space    used 13860K, capacity 15012K, committed 15104K, reserved 1048576K
}
Event: 1970.029 GC heap after
{Heap after GC invocations=142 (full 0):
 garbage-first heap   total 335872K, used 108145K [0x0000000080000000, 0x0000000100000000)
  region size 1024K, 13 young (13312K), 13 survivors (13312K)
 Metaspace       used 112319K, capacity 115593K, committed 115712K, reserved 1150976K
  class space    used 13860K, capacity 15012K, committed 15104K, reserved 1048576K
}
Event: 1970.377 GC heap before
{Heap before GC invocations=142 (full 0):
 garbage-first heap   total 335872K, used 111217K [0x0000000080000000, 0x0000000100000000)
  region size 1024K, 16 young (16384K), 13 survivors (13312K)
 Metaspace       used 112319K, capacity 115593K, committed 115712K, reserved 1150976K
  class space    used 13860K, capacity 15012K, committed 15104K, reserved 1048576K
}
Event: 1971.787 GC heap after
{Heap after GC invocations=143 (full 0):
 garbage-first heap   total 335872K, used 109264K [0x0000000080000000, 0x0000000100000000)
  region size 1024K, 2 young (2048K), 2 survivors (2048K)
 Metaspace       used 112319K, capacity 115593K, committed 115712K, reserved 1150976K
  class space    used 13860K, capacity 15012K, committed 15104K, reserved 1048576K
}
Event: 1972.945 GC heap before
{Heap before GC invocations=143 (full 0):
 garbage-first heap   total 335872K, used 123600K [0x0000000080000000, 0x0000000100000000)
  region size 1024K, 16 young (16384K), 2 survivors (2048K)
 Metaspace       used 112325K, capacity 115593K, committed 115712K, reserved 1150976K
  class space    used 13860K, capacity 15012K, committed 15104K, reserved 1048576K
}
Event: 1973.290 GC heap after
{Heap after GC invocations=144 (full 0):
 garbage-first heap   total 335872K, used 110920K [0x0000000080000000, 0x0000000100000000)
  region size 1024K, 2 young (2048K), 2 survivors (2048K)
 Metaspace       used 112325K, capacity 115593K, committed 115712K, reserved 1150976K
  class space    used 13860K, capacity 15012K, committed 15104K, reserved 1048576K
}
Event: 1982.293 GC heap before
{Heap before GC invocations=145 (full 0):
 garbage-first heap   total 335872K, used 125256K [0x0000000080000000, 0x0000000100000000)
  region size 1024K, 16 young (16384K), 2 survivors (2048K)
 Metaspace       used 112273K, capacity 115497K, committed 115712K, reserved 1150976K
  class space    used 13842K, capacity 14977K, committed 15104K, reserved 1048576K
}
Event: 1982.423 GC heap after
{Heap after GC invocations=146 (full 0):
 garbage-first heap   total 335872K, used 112199K [0x0000000080000000, 0x0000000100000000)
  region size 1024K, 1 young (1024K), 1 survivors (1024K)
 Metaspace       used 112273K, capacity 115497K, committed 115712K, reserved 1150976K
  class space    used 13842K, capacity 14977K, committed 15104K, reserved 1048576K
}
Event: 1984.954 GC heap before
{Heap before GC invocations=146 (full 0):
 garbage-first heap   total 335872K, used 126535K [0x0000000080000000, 0x0000000100000000)
  region size 1024K, 16 young (16384K), 1 survivors (1024K)
 Metaspace       used 112321K, capacity 115563K, committed 115968K, reserved 1150976K
  class space    used 13842K, capacity 14977K, committed 15104K, reserved 1048576K
}
Event: 1984.957 GC heap after
{Heap after GC invocations=147 (full 0):
 garbage-first heap   total 335872K, used 105234K [0x0000000080000000, 0x0000000100000000)
  region size 1024K, 2 young (2048K), 2 survivors (2048K)
 Metaspace       used 112321K, capacity 115563K, committed 115968K, reserved 1150976K
  class space    used 13842K, capacity 14977K, committed 15104K, reserved 1048576K
}
Event: 1985.357 GC heap before
{Heap before GC invocations=147 (full 0):
 garbage-first heap   total 335872K, used 118546K [0x0000000080000000, 0x0000000100000000)
  region size 1024K, 16 young (16384K), 2 survivors (2048K)
 Metaspace       used 112324K, capacity 115563K, committed 115968K, reserved 1150976K
  class space    used 13842K, capacity 14977K, committed 15104K, reserved 1048576K
}
Event: 1985.425 GC heap after
{Heap after GC invocations=148 (full 0):
 garbage-first heap   total 335872K, used 99850K [0x0000000080000000, 0x0000000100000000)
  region size 1024K, 2 young (2048K), 2 survivors (2048K)
 Metaspace       used 112324K, capacity 115563K, committed 115968K, reserved 1150976K
  class space    used 13842K, capacity 14977K, committed 15104K, reserved 1048576K
}
Event: 1986.051 GC heap before
{Heap before GC invocations=148 (full 0):
 garbage-first heap   total 335872K, used 114186K [0x0000000080000000, 0x0000000100000000)
  region size 1024K, 16 young (16384K), 2 survivors (2048K)
 Metaspace       used 112497K, capacity 115703K, committed 115968K, reserved 1150976K
  class space    used 13845K, capacity 14980K, committed 15104K, reserved 1048576K
}
Event: 1986.111 GC heap after
{Heap after GC invocations=149 (full 0):
 garbage-first heap   total 335872K, used 100378K [0x0000000080000000, 0x0000000100000000)
  region size 1024K, 1 young (1024K), 1 survivors (1024K)
 Metaspace       used 112497K, capacity 115703K, committed 115968K, reserved 1150976K
  class space    used 13845K, capacity 14980K, committed 15104K, reserved 1048576K
}
Event: 2369.584 GC heap before
{Heap before GC invocations=150 (full 0):
 garbage-first heap   total 335872K, used 206874K [0x0000000080000000, 0x0000000100000000)
  region size 1024K, 94 young (96256K), 1 survivors (1024K)
 Metaspace       used 112705K, capacity 115916K, committed 116224K, reserved 1150976K
  class space    used 13846K, capacity 14981K, committed 15104K, reserved 1048576K
}
Event: 2371.935 GC heap after
{Heap after GC invocations=151 (full 0):
 garbage-first heap   total 335872K, used 96955K [0x0000000080000000, 0x0000000100000000)
  region size 1024K, 5 young (5120K), 5 survivors (5120K)
 Metaspace       used 112705K, capacity 115916K, committed 116224K, reserved 1150976K
  class space    used 13846K, capacity 14981K, committed 15104K, reserved 1048576K
}
Event: 2378.887 GC heap before
{Heap before GC invocations=151 (full 0):
 garbage-first heap   total 335872K, used 107195K [0x0000000080000000, 0x0000000100000000)
  region size 1024K, 16 young (16384K), 5 survivors (5120K)
 Metaspace       used 112716K, capacity 115980K, committed 116224K, reserved 1150976K
  class space    used 13846K, capacity 14981K, committed 15104K, reserved 1048576K
}
Event: 2383.763 GC heap after
{Heap after GC invocations=152 (full 0):
 garbage-first heap   total 538624K, used 90928K [0x0000000080000000, 0x0000000100000000)
  region size 1024K, 1 young (1024K), 1 survivors (1024K)
 Metaspace       used 112716K, capacity 115980K, committed 116224K, reserved 1150976K
  class space    used 13846K, capacity 14981K, committed 15104K, reserved 1048576K
}

