# JRE version: OpenJDK Runtime Environment (11.0.10) (build 11.0.10+0-b96-7249189)
# Java VM: OpenJDK 64-Bit Server VM (11.0.10+0-b96-7249189, mixed mode, tiered, compressed oops, g1 gc, windows-amd64)
Heap:
 garbage-first heap   total 155648K, used 121800K [0x0000000080000000, 0x0000000100000000)
  region size 1024K, 18 young (18432K), 1 survivors (1024K)
 Metaspace       used 111041K, capacity 114034K, committed 114176K, reserved 1148928K
  class space    used 13687K, capacity 14745K, committed 14848K, reserved 1048576K
GC Heap History (20 events):
Event: 987.423 GC heap before
{Heap before GC invocations=69 (full 0):
 garbage-first heap   total 155648K, used 92487K [0x0000000080000000, 0x0000000100000000)
  region size 1024K, 8 young (8192K), 1 survivors (1024K)
 Metaspace       used 110407K, capacity 113277K, committed 113536K, reserved 1148928K
  class space    used 13665K, capacity 14707K, committed 14720K, reserved 1048576K
}
Event: 987.426 GC heap after
{Heap after GC invocations=70 (full 0):
 garbage-first heap   total 155648K, used 86454K [0x0000000080000000, 0x0000000100000000)
  region size 1024K, 1 young (1024K), 1 survivors (1024K)
 Metaspace       used 110407K, capacity 113277K, committed 113536K, reserved 1148928K
  class space    used 13665K, capacity 14707K, committed 14720K, reserved 1048576K
}
Event: 1043.683 GC heap before
{Heap before GC invocations=71 (full 0):
 garbage-first heap   total 155648K, used 138678K [0x0000000080000000, 0x0000000100000000)
  region size 1024K, 35 young (35840K), 1 survivors (1024K)
 Metaspace       used 110555K, capacity 113413K, committed 113536K, reserved 1148928K
  class space    used 13665K, capacity 14708K, committed 14720K, reserved 1048576K
}
Event: 1043.692 GC heap after
{Heap after GC invocations=72 (full 0):
 garbage-first heap   total 155648K, used 88787K [0x0000000080000000, 0x0000000100000000)
  region size 1024K, 4 young (4096K), 4 survivors (4096K)
 Metaspace       used 110555K, capacity 113413K, committed 113536K, reserved 1148928K
  class space    used 13665K, capacity 14708K, committed 14720K, reserved 1048576K
}
Event: 1043.767 GC heap before
{Heap before GC invocations=72 (full 0):
 garbage-first heap   total 155648K, used 91859K [0x0000000080000000, 0x0000000100000000)
  region size 1024K, 7 young (7168K), 4 survivors (4096K)
 Metaspace       used 110555K, capacity 113413K, committed 113536K, reserved 1148928K
  class space    used 13665K, capacity 14708K, committed 14720K, reserved 1048576K
}
Event: 1043.790 GC heap after
{Heap after GC invocations=73 (full 0):
 garbage-first heap   total 155648K, used 80623K [0x0000000080000000, 0x0000000100000000)
  region size 1024K, 1 young (1024K), 1 survivors (1024K)
 Metaspace       used 110555K, capacity 113413K, committed 113536K, reserved 1148928K
  class space    used 13665K, capacity 14708K, committed 14720K, reserved 1048576K
}
Event: 1044.781 GC heap before
{Heap before GC invocations=73 (full 0):
 garbage-first heap   total 155648K, used 113391K [0x0000000080000000, 0x0000000100000000)
  region size 1024K, 35 young (35840K), 1 survivors (1024K)
 Metaspace       used 110630K, capacity 113543K, committed 113792K, reserved 1148928K
  class space    used 13666K, capacity 14708K, committed 14720K, reserved 1048576K
}
Event: 1044.788 GC heap after
{Heap after GC invocations=74 (full 0):
 garbage-first heap   total 155648K, used 82800K [0x0000000080000000, 0x0000000100000000)
  region size 1024K, 3 young (3072K), 3 survivors (3072K)
 Metaspace       used 110630K, capacity 113543K, committed 113792K, reserved 1148928K
  class space    used 13666K, capacity 14708K, committed 14720K, reserved 1048576K
}
Event: 1045.830 GC heap before
{Heap before GC invocations=75 (full 0):
 garbage-first heap   total 155648K, used 122736K [0x0000000080000000, 0x0000000100000000)
  region size 1024K, 41 young (41984K), 3 survivors (3072K)
 Metaspace       used 110663K, capacity 113615K, committed 113792K, reserved 1148928K
  class space    used 13666K, capacity 14708K, committed 14720K, reserved 1048576K
}
Event: 1045.837 GC heap after
{Heap after GC invocations=76 (full 0):
 garbage-first heap   total 155648K, used 93652K [0x0000000080000000, 0x0000000100000000)
  region size 1024K, 6 young (6144K), 6 survivors (6144K)
 Metaspace       used 110663K, capacity 113615K, committed 113792K, reserved 1148928K
  class space    used 13666K, capacity 14708K, committed 14720K, reserved 1048576K
}
Event: 1045.841 GC heap before
{Heap before GC invocations=76 (full 0):
 garbage-first heap   total 155648K, used 94676K [0x0000000080000000, 0x0000000100000000)
  region size 1024K, 7 young (7168K), 6 survivors (6144K)
 Metaspace       used 110664K, capacity 113615K, committed 113792K, reserved 1148928K
  class space    used 13666K, capacity 14708K, committed 14720K, reserved 1048576K
}
Event: 1045.848 GC heap after
{Heap after GC invocations=77 (full 0):
 garbage-first heap   total 155648K, used 88823K [0x0000000080000000, 0x0000000100000000)
  region size 1024K, 1 young (1024K), 1 survivors (1024K)
 Metaspace       used 110664K, capacity 113615K, committed 113792K, reserved 1148928K
  class space    used 13666K, capacity 14708K, committed 14720K, reserved 1048576K
}
Event: 1046.299 GC heap before
{Heap before GC invocations=77 (full 0):
 garbage-first heap   total 155648K, used 121591K [0x0000000080000000, 0x0000000100000000)
  region size 1024K, 34 young (34816K), 1 survivors (1024K)
 Metaspace       used 110695K, capacity 113616K, committed 113792K, reserved 1148928K
  class space    used 13666K, capacity 14708K, committed 14720K, reserved 1048576K
}
Event: 1046.303 GC heap after
{Heap after GC invocations=78 (full 0):
 garbage-first heap   total 155648K, used 89913K [0x0000000080000000, 0x0000000100000000)
  region size 1024K, 2 young (2048K), 2 survivors (2048K)
 Metaspace       used 110695K, capacity 113616K, committed 113792K, reserved 1148928K
  class space    used 13666K, capacity 14708K, committed 14720K, reserved 1048576K
}
Event: 1046.871 GC heap before
{Heap before GC invocations=79 (full 0):
 garbage-first heap   total 155648K, used 123705K [0x0000000080000000, 0x0000000100000000)
  region size 1024K, 36 young (36864K), 2 survivors (2048K)
 Metaspace       used 110856K, capacity 113816K, committed 114048K, reserved 1148928K
  class space    used 13667K, capacity 14709K, committed 14720K, reserved 1048576K
}
Event: 1046.875 GC heap after
{Heap after GC invocations=80 (full 0):
 garbage-first heap   total 155648K, used 90713K [0x0000000080000000, 0x0000000100000000)
  region size 1024K, 3 young (3072K), 3 survivors (3072K)
 Metaspace       used 110856K, capacity 113816K, committed 114048K, reserved 1148928K
  class space    used 13667K, capacity 14709K, committed 14720K, reserved 1048576K
}
Event: 1046.955 GC heap before
{Heap before GC invocations=80 (full 0):
 garbage-first heap   total 155648K, used 94809K [0x0000000080000000, 0x0000000100000000)
  region size 1024K, 7 young (7168K), 3 survivors (3072K)
 Metaspace       used 110917K, capacity 113896K, committed 114048K, reserved 1148928K
  class space    used 13668K, capacity 14711K, committed 14720K, reserved 1048576K
}
Event: 1046.960 GC heap after
{Heap after GC invocations=81 (full 0):
 garbage-first heap   total 155648K, used 87101K [0x0000000080000000, 0x0000000100000000)
  region size 1024K, 1 young (1024K), 1 survivors (1024K)
 Metaspace       used 110917K, capacity 113896K, committed 114048K, reserved 1148928K
  class space    used 13668K, capacity 14711K, committed 14720K, reserved 1048576K
}
Event: 1047.162 GC heap before
{Heap before GC invocations=81 (full 0):
 garbage-first heap   total 155648K, used 100413K [0x0000000080000000, 0x0000000100000000)
  region size 1024K, 15 young (15360K), 1 survivors (1024K)
 Metaspace       used 110918K, capacity 113896K, committed 114048K, reserved 1148928K
  class space    used 13668K, capacity 14711K, committed 14720K, reserved 1048576K
}
Event: 1047.165 GC heap after
{Heap after GC invocations=82 (full 0):
 garbage-first heap   total 155648K, used 86984K [0x0000000080000000, 0x0000000100000000)
  region size 1024K, 1 young (1024K), 1 survivors (1024K)
 Metaspace       used 110918K, capacity 113896K, committed 114048K, reserved 1148928K
  class space    used 13668K, capacity 14711K, committed 14720K, reserved 1048576K
}

